18:00:58 **** Incremental Build of configuration Debug for project Thread_Coap_Generic ****
make -j8 all 
arm-none-eabi-gcc "C:/Users/Workstation/Desktop/ot-HS/Code/Thread_Coap_Generic/STM32_WPAN/App/app_thread.c" -mcpu=cortex-m4 -std=gnu11 -g3 -DUSE_HAL_DRIVER '-DOPENTHREAD_CONFIG_FILE=<openthread_api_config_ftd.h>' -DTHREAD_WB -DSTM32WB55xx -c -I../../Core/Inc -I../../STM32_WPAN/App -I../../Middlewares/ST/STM32_WPAN -I../../Middlewares/ST/STM32_WPAN/interface/patterns/ble_thread -I../../Middlewares/ST/STM32_WPAN/interface/patterns/ble_thread/shci -I../../Middlewares/ST/STM32_WPAN/interface/patterns/ble_thread/tl -I../../Middlewares/ST/STM32_WPAN/thread/openthread/core/openthread_api -I../../Middlewares/ST/STM32_WPAN/thread/openthread/stack/include -I../../Middlewares/ST/STM32_WPAN/thread/openthread/stack/include/openthread -I../../Middlewares/ST/STM32_WPAN/thread/openthread/stack/include/openthread/platform -I../../Middlewares/ST/STM32_WPAN/thread/openthread/stack/third_party/mbedtls/repo/include -I../../Middlewares/ST/STM32_WPAN/thread/openthread/stack/src/core -I../../Middlewares/ST/STM32_WPAN/utilities -I../../Utilities/LCD -I../../Utilities/lpm/tiny_lpm -I../../Utilities/sequencer -I../../Drivers/STM32WBxx_HAL_Driver/Inc -I../../Drivers/STM32WBxx_HAL_Driver/Inc/Legacy -I../../Drivers/CMSIS/Include -I../../Drivers/CMSIS/Device/ST/STM32WBxx/Include -I../../Drivers/BSP/Components/Common -I../../Drivers/BSP/STM32WB5MM-DK -I"C:/Users/Workstation/Desktop/ot-HS/Code/Thread_Coap_Generic/STM32CubeIDE/Application/Sensors/sht4x-5.3.0" -O0 -ffunction-sections -fdata-sections -Wall -fstack-usage -MMD -MP -MF"Application/User/STM32_WPAN/App/app_thread.d" -MT"Application/User/STM32_WPAN/App/app_thread.o" --specs=nano.specs -mfpu=fpv4-sp-d16 -mfloat-abi=hard -mthumb -o "Application/User/STM32_WPAN/App/app_thread.o"
C:/Users/Workstation/Desktop/ot-HS/Code/Thread_Coap_Generic/STM32_WPAN/App/app_thread.c: In function 'APP_THREAD_Init':
C:/Users/Workstation/Desktop/ot-HS/Code/Thread_Coap_Generic/STM32_WPAN/App/app_thread.c:210:3: warning: implicit declaration of function 'APP_THREAD_SetSleepyEndDeviceMode' [-Wimplicit-function-declaration]
  210 |   APP_THREAD_SetSleepyEndDeviceMode();
      |   ^~~~~~~~~~~~~~~~~~~~~~~~~~~~~~~~~
C:/Users/Workstation/Desktop/ot-HS/Code/Thread_Coap_Generic/STM32_WPAN/App/app_thread.c: At top level:
C:/Users/Workstation/Desktop/ot-HS/Code/Thread_Coap_Generic/STM32_WPAN/App/app_thread.c:308:6: warning: conflicting types for 'APP_THREAD_SetSleepyEndDeviceMode'
  308 | void APP_THREAD_SetSleepyEndDeviceMode(void)
      |      ^~~~~~~~~~~~~~~~~~~~~~~~~~~~~~~~~
C:/Users/Workstation/Desktop/ot-HS/Code/Thread_Coap_Generic/STM32_WPAN/App/app_thread.c:210:3: note: previous implicit declaration of 'APP_THREAD_SetSleepyEndDeviceMode' was here
  210 |   APP_THREAD_SetSleepyEndDeviceMode();
      |   ^~~~~~~~~~~~~~~~~~~~~~~~~~~~~~~~~
C:/Users/Workstation/Desktop/ot-HS/Code/Thread_Coap_Generic/STM32_WPAN/App/app_thread.c:121:13: warning: 'APP_THREAD_TimingElapsed' declared 'static' but never defined [-Wunused-function]
  121 | static void APP_THREAD_TimingElapsed(void);
      |             ^~~~~~~~~~~~~~~~~~~~~~~~
C:/Users/Workstation/Desktop/ot-HS/Code/Thread_Coap_Generic/STM32_WPAN/App/app_thread.c:799:13: warning: 'APP_THREAD_CheckMsgValidity' defined but not used [-Wunused-function]
  799 | static bool APP_THREAD_CheckMsgValidity(void)
      |             ^~~~~~~~~~~~~~~~~~~~~~~~~~~
C:/Users/Workstation/Desktop/ot-HS/Code/Thread_Coap_Generic/STM32_WPAN/App/app_thread.c:736:13: warning: 'APP_THREAD_CoapDataRespHandler' defined but not used [-Wunused-function]
  736 | static void APP_THREAD_CoapDataRespHandler(
      |             ^~~~~~~~~~~~~~~~~~~~~~~~~~~~~~
C:/Users/Workstation/Desktop/ot-HS/Code/Thread_Coap_Generic/STM32_WPAN/App/app_thread.c:698:13: warning: 'APP_THREAD_CoapSendDataResponse' defined but not used [-Wunused-function]
  698 | static void APP_THREAD_CoapSendDataResponse(otMessage  * pMessage,
      |             ^~~~~~~~~~~~~~~~~~~~~~~~~~~~~~~
C:/Users/Workstation/Desktop/ot-HS/Code/Thread_Coap_Generic/STM32_WPAN/App/app_thread.c:541:13: warning: 'APP_THREAD_CoapSendRequest' defined but not used [-Wunused-function]
  541 | static void APP_THREAD_CoapSendRequest(otCoapResource* aCoapRessource,
      |             ^~~~~~~~~~~~~~~~~~~~~~~~~~
arm-none-eabi-gcc -o "Thread_Coap_Generic.elf" @"objects.list"   -mcpu=cortex-m4 -T"C:\Users\Workstation\Desktop\ot-HS\Code\Thread_Coap_Generic\STM32CubeIDE\STM32WB5MMGHX_FLASH.ld" --specs=nosys.specs -Wl,-Map="Thread_Coap_Generic.map" -Wl,--gc-sections -static --specs=nano.specs -mfpu=fpv4-sp-d16 -mfloat-abi=hard -mthumb -Wl,--start-group -lc -lm -Wl,--end-group
Finished building target: Thread_Coap_Generic.elf
 
arm-none-eabi-size   Thread_Coap_Generic.elf 
arm-none-eabi-objdump -h -S  Thread_Coap_Generic.elf  > "Thread_Coap_Generic.list"
   text	   data	    bss	    dec	    hex	filename
  57240	    161	  19542	  76943	  12c8f	Thread_Coap_Generic.elf
Finished building: default.size.stdout
 
Finished building: Thread_Coap_Generic.list
 
18:01:04 **** Incremental Build of configuration Debug for project Thread_Coap_Generic ****
make -j8 all 
arm-none-eabi-size   Thread_Coap_Generic.elf 
   text	   data	    bss	    dec	    hex	filename
  57240	    161	  19542	  76943	  12c8f	Thread_Coap_Generic.elf
Finished building: default.size.stdout
 
