Removed Member From Class: ClassName=main Member=
Change Component Comment : Designator= Old Comment= New Comment=0.1 µF
Change Component Comment : Designator= Old Comment= New Comment=0.1 µF
Change Component Comment : Designator= Old Comment= New Comment=0.1 µF
Change Component Comment : Designator= Old Comment= New Comment=0.1 µF
Change Component Comment : Designator= Old Comment= New Comment=0.1 µF
Change Component Comment : Designator= Old Comment= New Comment=0.1 µF
Change Component Comment : Designator= Old Comment= New Comment=1.5 kOhms
Change Component Comment : Designator= Old Comment= New Comment=1.5 kOhms
Change Component Comment : Designator= Old Comment= New Comment=1 µF
Change Component Comment : Designator= Old Comment= New Comment=1 µF
Change Component Comment : Designator= Old Comment= New Comment=2.2 µH
Change Component Comment : Designator= Old Comment= New Comment=10 kOhms
Change Component Comment : Designator= Old Comment= New Comment=10 kOhms
Change Component Comment : Designator= Old Comment= New Comment=10 kOhms
Change Component Comment : Designator= Old Comment= New Comment=10 µF
Change Component Comment : Designator= Old Comment= New Comment=10 µF
Change Component Comment : Designator= Old Comment= New Comment=10 µF
Change Component Comment : Designator= Old Comment= New Comment=815-0931
Change Component Comment : Designator= Old Comment= New Comment=HSMF-C165
Change Component Comment : Designator= Old Comment= New Comment=jmp
Change Component Comment : Designator= Old Comment= New Comment=M40-3200545R
Change Component Comment : Designator= Old Comment= New Comment=M41T62LC6F
Change Component Comment : Designator= Old Comment= New Comment=SHT40-AD1B-R2
Change Component Comment : Designator= Old Comment= New Comment=ST1PS01AJR
Change Component Comment : Designator= Old Comment= New Comment=STM32WB5MMGH6TR
Change Component Comment : Designator= Old Comment= New Comment=STTS22HTR
Change Component Designator: OldDesignator= NewDesignator=B1
Change Component Designator: OldDesignator= NewDesignator=BT1
Change Component Designator: OldDesignator= NewDesignator=C1
Change Component Designator: OldDesignator= NewDesignator=C2
Change Component Designator: OldDesignator= NewDesignator=C3
Change Component Designator: OldDesignator= NewDesignator=C4
Change Component Designator: OldDesignator= NewDesignator=C5
Change Component Designator: OldDesignator= NewDesignator=C6
Change Component Designator: OldDesignator= NewDesignator=C7
Change Component Designator: OldDesignator= NewDesignator=C8
Change Component Designator: OldDesignator= NewDesignator=C9
Change Component Designator: OldDesignator= NewDesignator=C10
Change Component Designator: OldDesignator= NewDesignator=C11
Change Component Designator: OldDesignator= NewDesignator=D1
Change Component Designator: OldDesignator= NewDesignator=J1
Change Component Designator: OldDesignator= NewDesignator=L1
Change Component Designator: OldDesignator= NewDesignator=MD1
Change Component Designator: OldDesignator= NewDesignator=R1
Change Component Designator: OldDesignator= NewDesignator=R2
Change Component Designator: OldDesignator= NewDesignator=R3
Change Component Designator: OldDesignator= NewDesignator=R4
Change Component Designator: OldDesignator= NewDesignator=R5
Change Component Designator: OldDesignator= NewDesignator=R6
Change Component Designator: OldDesignator= NewDesignator=U1
Change Component Designator: OldDesignator= NewDesignator=U2
Change Component Designator: OldDesignator= NewDesignator=U3
Added Pin To Net: NetName=1V8 Pin=R1-1
Added Pin To Net: NetName=GND Pin=R2-1
Added Member To Class: ClassName=power Member=Component B1 ST1PS01AJR
Added Member To Class: ClassName=main Member=Component C1 0.1 µF
Added Member To Class: ClassName=main Member=Component C2 0.1 µF
Added Member To Class: ClassName=main Member=Component C3 0.1 µF
Added Member To Class: ClassName=main Member=Component C4 1 µF
Added Member To Class: ClassName=main Member=Component C5 1 µF
Added Member To Class: ClassName=main Member=Component C6 10 µF
Added Member To Class: ClassName=main Member=Component C7 0.1 µF
Added Member To Class: ClassName=main Member=Component C8 0.1 µF
Added Member To Class: ClassName=main Member=Component C9 0.1 µF
Added Member To Class: ClassName=power Member=Component C10 10 µF
Added Member To Class: ClassName=power Member=Component C11 10 µF
Added Member To Class: ClassName=main Member=Component D1 HSMF-C165
Added Member To Class: ClassName=main Member=Component J1 M40-3200545R
Added Member To Class: ClassName=power Member=Component L1 2.2 µH
Added Member To Class: ClassName=main Member=Component MD1 STM32WB5MMGH6TR
Added Member To Class: ClassName=main Member=Component R1 jmp
Added Member To Class: ClassName=main Member=Component R2 10 kOhms
Added Member To Class: ClassName=main Member=Component R3 1.5 kOhms
Added Member To Class: ClassName=main Member=Component R4 10 kOhms
Added Member To Class: ClassName=main Member=Component R5 10 kOhms
Added Member To Class: ClassName=main Member=Component R6 1.5 kOhms
Added Member To Class: ClassName=main Member=Component U1 M41T62LC6F
Added Member To Class: ClassName=main Member=Component U2 SHT40-AD1B-R2
Added Member To Class: ClassName=main Member=Component U3 STTS22HTR
Added Room: Name=main
